# Trae Project Log - Ray Tracer Restoration
Date: 2026-03-05

## 1. Initial Setup & Compilation
To restore the project functionality, we first ensured the environment was ready and compiled the ray tracer.

- **Dependency Installation**:
  ```bash
  pip3 install Pillow
  ```
- **Compilation**:
  Using C++17 standard with optimizations and threading support.
  ```bash
  g++ -O3 raytracer_bvh.cpp -o raytracer_bvh -std=c++17 -pthread
  ```

## 2. Issue Resolution

### Issue 1: Incorrect Resolution
The default scene resolution was 400x225, but the target was 1080p (1920x1080).

- **Action**: Created a new scene file `scene_balls_behind_torii_1080p.txt`.
- **Change**: Added the resolution directive to the scene file.
  ```text
  resolution 1920 1080
  ```

### Issue 2: Blocked Camera View
The initial render showed a solid color because the default camera position was outside the scene's "box" (a room made of walls), looking at a wall from the outside.

- **Action**: Updated `scene_balls_behind_torii_1080p.txt` with a specific camera configuration to place the viewpoint inside the open side of the room.
- **Change**: Added the camera directive.
  ```text
  # camera lookfrom_x lookfrom_y lookfrom_z lookat_x lookat_y lookat_z vup_x vup_y vup_z vfov aspect
  camera 0 -12 2 0 0 1 0 0 1 30 1.777
  ```

### Issue 3: Corrupted Checkerboard Texture Colors
The checkerboard texture appeared red instead of black and white. This was due to a parsing error in `raytracer_bvh.cpp`. The parser was reading 3 color values (R, G, B) for a generic material, but for `checker` textures (which require 2 colors, totaling 6 values), it attempted to read 6 *more* values, causing an offset error.

- **Action**: Patched `raytracer_bvh.cpp` to use the initially read RGB values as the first color of the checkerboard, and read only the remaining 3 values for the second color.
- **Code Fix**:
  ```cpp
  // Before
  } else if (mat_type == "checker") {
      float r1, g1, b1, r2, g2, b2;
      iss >> r1 >> g1 >> b1 >> r2 >> g2 >> b2; // Reads 6 new floats
      auto checker = make_shared<checker_texture>(color(r1, g1, b1), color(r2, g2, b2), ...);
      // ...
  }

  // After
  } else if (mat_type == "checker") {
      float r2, g2, b2;
      iss >> r2 >> g2 >> b2; // Reads only the second color (first color is already in cr, cg, cb)
      auto checker = make_shared<checker_texture>(color(cr, cg, cb), color(r2, g2, b2), ...);
      // ...
  }
  ```
- **Verification**: Recompiled the binary.

## 3. Final Execution
Generated the correct 1080p image with the fixed code and scene file.

1. **Render (PPM Output)**:
   ```bash
   ./raytracer_bvh 300 50 scene_balls_behind_torii_1080p.txt > image_balls_behind_torii_300.ppm
   ```
2. **Convert to PNG**:
   ```bash
   python3 ppm_to_png.py image_balls_behind_torii_300.ppm image_balls_behind_torii_300.png
   ```

**Result**: `image_balls_behind_torii_300.png` successfully generated at 1920x1080 with correct textures and camera angle.
